<?xml version="1.0" encoding="UTF-8"?>
<testsuites>
  <testsuite name="fastlane.lanes">
    
    
    
      
      <testcase classname="fastlane.lanes" name="0: default_platform" time="0.000236">
        
      </testcase>
    
      
      <testcase classname="fastlane.lanes" name="1: assembleDebug" time="7.157189">
        
          <failure message="/opt/homebrew/Cellar/fastlane/2.211.0_2/libexec/gems/fastlane-2.211.0/fastlane/lib/fastlane/actions/actions_helper.rb:67:in `execute_action&apos;&#10;/opt/homebrew/Cellar/fastlane/2.211.0_2/libexec/gems/fastlane-2.211.0/fastlane/lib/fastlane/runner.rb:255:in `block in execute_action&apos;&#10;/opt/homebrew/Cellar/fastlane/2.211.0_2/libexec/gems/fastlane-2.211.0/fastlane/lib/fastlane/runner.rb:229:in `chdir&apos;&#10;/opt/homebrew/Cellar/fastlane/2.211.0_2/libexec/gems/fastlane-2.211.0/fastlane/lib/fastlane/runner.rb:229:in `execute_action&apos;&#10;/opt/homebrew/Cellar/fastlane/2.211.0_2/libexec/gems/fastlane-2.211.0/fastlane/lib/fastlane/runner.rb:157:in `trigger_action_by_name&apos;&#10;/opt/homebrew/Cellar/fastlane/2.211.0_2/libexec/gems/fastlane-2.211.0/fastlane/lib/fastlane/fast_file.rb:159:in `method_missing&apos;&#10;Fastfile:45:in `block (2 levels) in parsing_binding&apos;&#10;/opt/homebrew/Cellar/fastlane/2.211.0_2/libexec/gems/fastlane-2.211.0/fastlane/lib/fastlane/lane.rb:33:in `call&apos;&#10;/opt/homebrew/Cellar/fastlane/2.211.0_2/libexec/gems/fastlane-2.211.0/fastlane/lib/fastlane/runner.rb:49:in `block in execute&apos;&#10;/opt/homebrew/Cellar/fastlane/2.211.0_2/libexec/gems/fastlane-2.211.0/fastlane/lib/fastlane/runner.rb:45:in `chdir&apos;&#10;/opt/homebrew/Cellar/fastlane/2.211.0_2/libexec/gems/fastlane-2.211.0/fastlane/lib/fastlane/runner.rb:45:in `execute&apos;&#10;/opt/homebrew/Cellar/fastlane/2.211.0_2/libexec/gems/fastlane-2.211.0/fastlane/lib/fastlane/lane_manager.rb:47:in `cruise_lane&apos;&#10;/opt/homebrew/Cellar/fastlane/2.211.0_2/libexec/gems/fastlane-2.211.0/fastlane/lib/fastlane/command_line_handler.rb:36:in `handle&apos;&#10;/opt/homebrew/Cellar/fastlane/2.211.0_2/libexec/gems/fastlane-2.211.0/fastlane/lib/fastlane/commands_generator.rb:110:in `block (2 levels) in run&apos;&#10;/opt/homebrew/Cellar/fastlane/2.211.0_2/libexec/gems/commander-4.6.0/lib/commander/command.rb:187:in `call&apos;&#10;/opt/homebrew/Cellar/fastlane/2.211.0_2/libexec/gems/commander-4.6.0/lib/commander/command.rb:157:in `run&apos;&#10;/opt/homebrew/Cellar/fastlane/2.211.0_2/libexec/gems/commander-4.6.0/lib/commander/runner.rb:444:in `run_active_command&apos;&#10;/opt/homebrew/Cellar/fastlane/2.211.0_2/libexec/gems/fastlane-2.211.0/fastlane_core/lib/fastlane_core/ui/fastlane_runner.rb:124:in `run!&apos;&#10;/opt/homebrew/Cellar/fastlane/2.211.0_2/libexec/gems/commander-4.6.0/lib/commander/delegates.rb:18:in `run!&apos;&#10;/opt/homebrew/Cellar/fastlane/2.211.0_2/libexec/gems/fastlane-2.211.0/fastlane/lib/fastlane/commands_generator.rb:354:in `run&apos;&#10;/opt/homebrew/Cellar/fastlane/2.211.0_2/libexec/gems/fastlane-2.211.0/fastlane/lib/fastlane/commands_generator.rb:43:in `start&apos;&#10;/opt/homebrew/Cellar/fastlane/2.211.0_2/libexec/gems/fastlane-2.211.0/fastlane/lib/fastlane/cli_tools_distributor.rb:123:in `take_off&apos;&#10;/opt/homebrew/Cellar/fastlane/2.211.0_2/libexec/gems/fastlane-2.211.0/bin/fastlane:23:in `&lt;top (required)&gt;&apos;&#10;/opt/homebrew/Cellar/fastlane/2.211.0_2/libexec/bin/fastlane:25:in `load&apos;&#10;/opt/homebrew/Cellar/fastlane/2.211.0_2/libexec/bin/fastlane:25:in `&lt;main&gt;&apos;&#10;&#10;Exit status of command &apos;/Users/paulpascal/Workspace/playground/flutter/quick_ztory/android/gradlew assembleDebug -p .&apos; was 1 instead of 0.&#10;WARNING:We recommend using a newer Android Gradle plugin to use compileSdk = 33&#10;&#10;This Android Gradle plugin (7.2.0) was tested up to compileSdk = 32&#10;&#10;This warning can be suppressed by adding&#10;    android.suppressUnsupportedCompileSdk=33&#10;to this project&apos;s gradle.properties&#10;&#10;The build will continue, but you are strongly encouraged to update your project to&#10;use a newer Android Gradle Plugin that has been tested with compileSdk = 33&#10;&gt; Task :app:preBuild UP-TO-DATE&#10;&gt; Task :app:preDebugBuild UP-TO-DATE&#10;&gt; Task :app:mergeDebugNativeDebugMetadata NO-SOURCE&#10;&gt; Task :app:compileFlutterBuildDebug&#10;&gt; Task :app:packLibsflutterBuildDebug UP-TO-DATE&#10;&gt; Task :firebase_auth:preBuild UP-TO-DATE&#10;&gt; Task :firebase_auth:preDebugBuild UP-TO-DATE&#10;&gt; Task :firebase_core:preBuild UP-TO-DATE&#10;&gt; Task :firebase_core:preDebugBuild UP-TO-DATE&#10;&gt; Task :firebase_core:compileDebugAidl NO-SOURCE&#10;&gt; Task :firebase_auth:compileDebugAidl NO-SOURCE&#10;&gt; Task :app:compileDebugAidl NO-SOURCE&#10;&gt; Task :firebase_auth:packageDebugRenderscript NO-SOURCE&#10;&gt; Task :firebase_core:packageDebugRenderscript NO-SOURCE&#10;&gt; Task :app:compileDebugRenderscript NO-SOURCE&#10;&gt; Task :app:generateDebugBuildConfig UP-TO-DATE&#10;&gt; Task :firebase_auth:writeDebugAarMetadata UP-TO-DATE&#10;&gt; Task :firebase_core:writeDebugAarMetadata UP-TO-DATE&#10;&gt; Task :app:checkDebugAarMetadata UP-TO-DATE&#10;&gt; Task :app:cleanMergeDebugAssets&#10;&gt; Task :app:mergeDebugShaders UP-TO-DATE&#10;&gt; Task :app:compileDebugShaders NO-SOURCE&#10;&gt; Task :app:generateDebugAssets UP-TO-DATE&#10;&gt; Task :firebase_auth:mergeDebugShaders UP-TO-DATE&#10;&gt; Task :firebase_auth:compileDebugShaders NO-SOURCE&#10;&gt; Task :firebase_auth:generateDebugAssets UP-TO-DATE&#10;&gt; Task :firebase_auth:packageDebugAssets UP-TO-DATE&#10;&gt; Task :firebase_core:mergeDebugShaders UP-TO-DATE&#10;&gt; Task :firebase_core:compileDebugShaders NO-SOURCE&#10;&gt; Task :firebase_core:generateDebugAssets UP-TO-DATE&#10;&gt; Task :firebase_core:packageDebugAssets UP-TO-DATE&#10;&gt; Task :app:mergeDebugAssets&#10;&gt; Task :app:copyFlutterAssetsDebug&#10;&gt; Task :app:generateDebugResValues UP-TO-DATE&#10;&gt; Task :app:generateDebugResources UP-TO-DATE&#10;&gt; Task :app:processDebugGoogleServices UP-TO-DATE&#10;&gt; Task :firebase_auth:compileDebugRenderscript NO-SOURCE&#10;&gt; Task :firebase_auth:generateDebugResValues UP-TO-DATE&#10;&gt; Task :firebase_auth:generateDebugResources UP-TO-DATE&#10;&gt; Task :firebase_auth:packageDebugResources UP-TO-DATE&#10;&gt; Task :firebase_core:compileDebugRenderscript NO-SOURCE&#10;&gt; Task :firebase_core:generateDebugResValues UP-TO-DATE&#10;&gt; Task :firebase_core:generateDebugResources UP-TO-DATE&#10;&gt; Task :firebase_core:packageDebugResources UP-TO-DATE&#10;&gt; Task :app:mergeDebugResources UP-TO-DATE&#10;&gt; Task :app:mapDebugSourceSetPaths UP-TO-DATE&#10;&gt; Task :app:createDebugCompatibleScreenManifests UP-TO-DATE&#10;&gt; Task :app:extractDeepLinksDebug UP-TO-DATE&#10;&gt; Task :firebase_auth:extractDeepLinksDebug UP-TO-DATE&#10;&gt; Task :firebase_auth:processDebugManifest UP-TO-DATE&#10;&gt; Task :firebase_core:extractDeepLinksDebug UP-TO-DATE&#10;&gt; Task :firebase_core:processDebugManifest UP-TO-DATE&#10;&gt; Task :app:processDebugMainManifest UP-TO-DATE&#10;&gt; Task :app:processDebugManifest UP-TO-DATE&#10;&gt; Task :app:processDebugManifestForPackage UP-TO-DATE&#10;&gt; Task :firebase_auth:compileDebugLibraryResources UP-TO-DATE&#10;&gt; Task :firebase_auth:parseDebugLocalResources UP-TO-DATE&#10;&gt; Task :firebase_core:parseDebugLocalResources UP-TO-DATE&#10;&gt; Task :firebase_core:generateDebugRFile UP-TO-DATE&#10;&gt; Task :firebase_auth:generateDebugRFile UP-TO-DATE&#10;&gt; Task :firebase_core:compileDebugLibraryResources UP-TO-DATE&#10;&gt; Task :firebase_auth:generateDebugBuildConfig UP-TO-DATE&#10;&gt; Task :firebase_auth:javaPreCompileDebug UP-TO-DATE&#10;&gt; Task :firebase_core:generateDebugBuildConfig UP-TO-DATE&#10;&gt; Task :firebase_core:javaPreCompileDebug UP-TO-DATE&#10;&gt; Task :firebase_core:compileDebugJavaWithJavac FAILED&#10;&gt; Task :app:processDebugResources&#10;&#10;FAILURE: Build failed with an exception.&#10;&#10;* What went wrong:&#10;Execution failed for task &apos;:firebase_core:compileDebugJavaWithJavac&apos;.&#10;&gt; Java compiler is not available. Please check that /Library/Java/JavaVirtualMachines/zulu-17.jre/Contents/Home contains a valid JDK installation.&#10;&#10;* Try:&#10;&gt; Run with --stacktrace option to get the stack trace.&#10;&gt; Run with --info or --debug option to get more log output.&#10;&gt; Run with --scan to get full insights.&#10;&#10;* Get more help at https://help.gradle.org&#10;&#10;Deprecated Gradle features were used in this build, making it incompatible with Gradle 8.0.&#10;&#10;You can use &apos;--warning-mode all&apos; to show the individual deprecation warnings and determine if they come from your own scripts or plugins.&#10;&#10;See https://docs.gradle.org/7.5/userguide/command_line_interface.html#sec:command_line_warnings&#10;&#10;BUILD FAILED in 6s&#10;43 actionable tasks: 6 executed, 37 up-to-date&#10;" />
        
      </testcase>
    
  </testsuite>
</testsuites>
